<?xml version="1.0" encoding="UTF-8"?>
<!-- Generated by org.testng.reporters.JUnitReportReporter -->
<testsuite hostname="achung-HP" name="com.test.MyTest" tests="1" failures="0" timestamp="8 May 2015 19:53:24 GMT" time="33.939" errors="0">
  <testcase name="scheduleTest" time="33.939" classname="com.test.MyTest"/>
</testsuite> <!-- com.test.MyTest -->
